<?xml version="1.0" encoding="UTF-8"?>
<!-- Generated by org.testng.reporters.JUnitReportReporter -->
<testsuite hostname="CDC2-L-7N87QQ2" name="jenkinsPack.TestRunner" tests="1" failures="0" timestamp="8 Jul 2019 06:34:49 GMT" time="0.013" errors="0">
  <testcase name="f" time="0.013" classname="jenkinsPack.TestRunner"/>
</testsuite> <!-- jenkinsPack.TestRunner -->
